<?xml version="1.0" encoding="UTF-8"?>
<testng-results ignored="0" total="4" passed="4" failed="0" skipped="0">
  <reporter-output>
  </reporter-output>
  <suite started-at="2022-06-13T22:18:58 IST" name="Smoke Suite" finished-at="2022-06-13T22:19:07 IST" duration-ms="9092">
    <groups>
    </groups>
    <test started-at="2022-06-13T22:18:58 IST" name="test3" finished-at="2022-06-13T22:19:03 IST" duration-ms="5197">
      <class name="tests.TCID3">
        <test-method is-config="true" signature="beforeSuite(java.lang.String)[pri:0, instance:tests.TCID3@18d87d80]" started-at="2022-06-13T22:18:57 IST" name="beforeSuite" finished-at="2022-06-13T22:18:58 IST" duration-ms="1180" status="PASS">
          <params>
            <param index="0">
              <value>
                <![CDATA[chrome]]>
              </value>
            </param>
          </params>
          <reporter-output>
          </reporter-output>
        </test-method> <!-- beforeSuite -->
        <test-method is-config="true" signature="beforeTest(java.lang.String)[pri:0, instance:tests.TCID3@18d87d80]" started-at="2022-06-13T22:18:58 IST" name="beforeTest" finished-at="2022-06-13T22:19:00 IST" duration-ms="2388" status="PASS">
          <params>
            <param index="0">
              <value>
                <![CDATA[chrome]]>
              </value>
            </param>
          </params>
          <reporter-output>
          </reporter-output>
        </test-method> <!-- beforeTest -->
        <test-method is-config="true" signature="beforeClass()[pri:0, instance:tests.TCID3@18d87d80]" started-at="2022-06-13T22:19:00 IST" name="beforeClass" finished-at="2022-06-13T22:19:00 IST" duration-ms="2" status="PASS">
          <reporter-output>
          </reporter-output>
        </test-method> <!-- beforeClass -->
        <test-method signature="Test5()[pri:0, instance:tests.TCID3@18d87d80]" started-at="2022-06-13T22:19:00 IST" name="Test5" finished-at="2022-06-13T22:19:02 IST" duration-ms="1903" status="PASS">
          <reporter-output>
          </reporter-output>
        </test-method> <!-- Test5 -->
        <test-method signature="Test6()[pri:0, instance:tests.TCID3@18d87d80]" started-at="2022-06-13T22:19:02 IST" name="Test6" finished-at="2022-06-13T22:19:03 IST" depends-on-methods="tests.TCID3.Test5" duration-ms="695" status="PASS">
          <reporter-output>
          </reporter-output>
        </test-method> <!-- Test6 -->
        <test-method is-config="true" signature="afterTest()[pri:0, instance:tests.TCID3@18d87d80]" started-at="2022-06-13T22:19:03 IST" name="afterTest" finished-at="2022-06-13T22:19:03 IST" duration-ms="189" status="PASS">
          <reporter-output>
          </reporter-output>
        </test-method> <!-- afterTest -->
        <test-method is-config="true" signature="afterSuite()[pri:0, instance:tests.TCID3@18d87d80]" started-at="2022-06-13T22:19:07 IST" name="afterSuite" finished-at="2022-06-13T22:19:08 IST" duration-ms="298" status="PASS">
          <reporter-output>
          </reporter-output>
        </test-method> <!-- afterSuite -->
      </class> <!-- tests.TCID3 -->
    </test> <!-- test3 -->
    <test started-at="2022-06-13T22:18:58 IST" name="test1" finished-at="2022-06-13T22:19:07 IST" duration-ms="9092">
      <class name="tests.TCID1">
        <test-method is-config="true" signature="beforeTest(java.lang.String)[pri:0, instance:tests.TCID1@581ac8a8]" started-at="2022-06-13T22:18:58 IST" name="beforeTest" finished-at="2022-06-13T22:19:00 IST" duration-ms="2140" status="PASS">
          <params>
            <param index="0">
              <value>
                <![CDATA[chrome]]>
              </value>
            </param>
          </params>
          <reporter-output>
          </reporter-output>
        </test-method> <!-- beforeTest -->
        <test-method is-config="true" signature="beforeClass()[pri:0, instance:tests.TCID1@581ac8a8]" started-at="2022-06-13T22:19:00 IST" name="beforeClass" finished-at="2022-06-13T22:19:00 IST" duration-ms="23" status="PASS">
          <reporter-output>
          </reporter-output>
        </test-method> <!-- beforeClass -->
        <test-method signature="Test1()[pri:0, instance:tests.TCID1@581ac8a8]" started-at="2022-06-13T22:19:00 IST" name="Test1" finished-at="2022-06-13T22:19:02 IST" duration-ms="2057" status="PASS">
          <reporter-output>
          </reporter-output>
        </test-method> <!-- Test1 -->
        <test-method signature="Test2()[pri:0, instance:tests.TCID1@581ac8a8]" started-at="2022-06-13T22:19:02 IST" name="Test2" finished-at="2022-06-13T22:19:03 IST" depends-on-methods="tests.TCID1.Test1" duration-ms="643" status="PASS">
          <reporter-output>
          </reporter-output>
        </test-method> <!-- Test2 -->
        <test-method is-config="true" signature="afterTest()[pri:0, instance:tests.TCID1@581ac8a8]" started-at="2022-06-13T22:19:03 IST" name="afterTest" finished-at="2022-06-13T22:19:07 IST" duration-ms="4134" status="PASS">
          <reporter-output>
          </reporter-output>
        </test-method> <!-- afterTest -->
      </class> <!-- tests.TCID1 -->
    </test> <!-- test1 -->
  </suite> <!-- Smoke Suite -->
</testng-results>
